2017-12-21 13:02:48,504 - [DEBUG::org.apache.mina.filter.ssl.SslFilter::org.apache.mina.filter.ssl.SslFilter] - Session Client[1](SSL): Processing the SSL Data 
2017-12-21 13:02:48,504 - [DEBUG::org.apache.mina.filter.codec.ProtocolCodecFilter::org.apache.mina.filter.codec.ProtocolCodecFilter] - Processing a MESSAGE_RECEIVED for session 1
2017-12-21 13:02:48,504 - [INFO::com.ssl.mina.server.ServerHandler::com.ssl.mina.client.ClientHandler] - Received : 90:ADD(90)
2017-12-21 13:02:48,504 - [DEBUG::org.apache.mina.filter.ssl.SslFilter::org.apache.mina.filter.ssl.SslFilter] - Session Client[1](SSL): Writing Message : WriteRequest: HeapBuffer[pos=0 lim=39 cap=64: 00 00 00 23 AC ED 00 05 73 72 01 00 14 63 6F 6D...]
2017-12-21 13:02:48,505 - [DEBUG::org.apache.mina.filter.ssl.SslFilter::org.apache.mina.filter.ssl.SslFilter] - Session Client[1](SSL): Writing Message : MessageWriteRequest, parent : WR WrapperWriteRequest: 3:ADD(3)
2017-12-21 13:02:48,505 - [DEBUG::org.apache.mina.filter.ssl.SslFilter::org.apache.mina.filter.ssl.SslFilter] - Session Client[1](SSL): Message received : HeapBuffer[pos=0 lim=128 cap=128: 17 03 03 00 3F 00 00 00 00 00 00 11 F8 8B 8E 03...]
2017-12-21 13:02:48,505 - [DEBUG::org.apache.mina.filter.ssl.SslHandler::org.apache.mina.filter.ssl.SslHandler] - Session Client[1](SSL) Processing the received message
2017-12-21 13:02:48,505 - [DEBUG::org.apache.mina.filter.ssl.SslFilter::org.apache.mina.filter.ssl.SslFilter] - Session Client[1](SSL): Processing the SSL Data 
2017-12-21 13:02:48,505 - [DEBUG::org.apache.mina.filter.codec.ProtocolCodecFilter::org.apache.mina.filter.codec.ProtocolCodecFilter] - Processing a MESSAGE_RECEIVED for session 1
2017-12-21 13:02:48,505 - [INFO::com.ssl.mina.server.ServerHandler::com.ssl.mina.client.ClientHandler] - Received : 57:ADD(57)
2017-12-21 13:02:48,505 - [DEBUG::org.apache.mina.filter.ssl.SslFilter::org.apache.mina.filter.ssl.SslFilter] - Session Client[1](SSL): Writing Message : WriteRequest: HeapBuffer[pos=0 lim=39 cap=64: 00 00 00 23 AC ED 00 05 73 72 01 00 14 63 6F 6D...]
2017-12-21 13:02:48,505 - [DEBUG::org.apache.mina.filter.ssl.SslFilter::org.apache.mina.filter.ssl.SslFilter] - Session Client[1](SSL): Writing Message : MessageWriteRequest, parent : WR WrapperWriteRequest: 15:ADD(15)
2017-12-21 13:02:48,505 - [DEBUG::org.apache.mina.filter.ssl.SslFilter::org.apache.mina.filter.ssl.SslFilter] - Session Client[1](SSL): Message received : HeapBuffer[pos=0 lim=76 cap=256: 16 04 53 D5 45 CA 5C B8 17 03 03 00 3F 00 00 00...]
2017-12-21 13:02:48,505 - [DEBUG::org.apache.mina.filter.ssl.SslHandler::org.apache.mina.filter.ssl.SslHandler] - Session Client[1](SSL) Processing the received message
2017-12-21 13:02:48,505 - [DEBUG::org.apache.mina.filter.ssl.SslFilter::org.apache.mina.filter.ssl.SslFilter] - Session Client[1](SSL): Processing the SSL Data 
2017-12-21 13:02:48,505 - [DEBUG::org.apache.mina.filter.codec.ProtocolCodecFilter::org.apache.mina.filter.codec.ProtocolCodecFilter] - Processing a MESSAGE_RECEIVED for session 1
2017-12-21 13:02:48,506 - [INFO::com.ssl.mina.server.ServerHandler::com.ssl.mina.client.ClientHandler] - Received : 19:ADD(19)
2017-12-21 13:02:48,506 - [DEBUG::org.apache.mina.filter.ssl.SslFilter::org.apache.mina.filter.ssl.SslFilter] - Session Client[1](SSL): Writing Message : WriteRequest: HeapBuffer[pos=0 lim=39 cap=64: 00 00 00 23 AC ED 00 05 73 72 01 00 14 63 6F 6D...]
2017-12-21 13:02:48,506 - [DEBUG::org.apache.mina.filter.ssl.SslFilter::org.apache.mina.filter.ssl.SslFilter] - Session Client[1](SSL): Writing Message : MessageWriteRequest, parent : WR WrapperWriteRequest: 54:ADD(54)
2017-12-21 13:02:48,506 - [INFO::com.ssl.mina.server.ServerHandler::com.ssl.mina.client.ClientHandler] - Received : 81:ADD(81)
2017-12-21 13:02:48,506 - [DEBUG::org.apache.mina.filter.ssl.SslFilter::org.apache.mina.filter.ssl.SslFilter] - Session Client[1](SSL): Writing Message : WriteRequest: HeapBuffer[pos=0 lim=39 cap=64: 00 00 00 23 AC ED 00 05 73 72 01 00 14 63 6F 6D...]
2017-12-21 13:02:48,506 - [DEBUG::org.apache.mina.filter.ssl.SslFilter::org.apache.mina.filter.ssl.SslFilter] - Session Client[1](SSL): Writing Message : MessageWriteRequest, parent : WR WrapperWriteRequest: 54:ADD(54)
2017-12-21 13:02:48,506 - [DEBUG::org.apache.mina.filter.ssl.SslFilter::org.apache.mina.filter.ssl.SslFilter] - Session Client[1](SSL): Message received : HeapBuffer[pos=0 lim=68 cap=256: 17 03 03 00 3F 00 00 00 00 00 00 11 FB AA 3C 44...]
2017-12-21 13:02:48,506 - [DEBUG::org.apache.mina.filter.ssl.SslHandler::org.apache.mina.filter.ssl.SslHandler] - Session Client[1](SSL) Processing the received message
2017-12-21 13:02:48,506 - [DEBUG::org.apache.mina.filter.ssl.SslFilter::org.apache.mina.filter.ssl.SslFilter] - Session Client[1](SSL): Processing the SSL Data 
2017-12-21 13:02:48,506 - [DEBUG::org.apache.mina.filter.codec.ProtocolCodecFilter::org.apache.mina.filter.codec.ProtocolCodecFilter] - Processing a MESSAGE_RECEIVED for session 1
2017-12-21 13:02:48,506 - [INFO::com.ssl.mina.server.ServerHandler::com.ssl.mina.client.ClientHandler] - Received : 58:ADD(58)
2017-12-21 13:02:48,506 - [DEBUG::org.apache.mina.filter.ssl.SslFilter::org.apache.mina.filter.ssl.SslFilter] - Session Client[1](SSL): Writing Message : WriteRequest: HeapBuffer[pos=0 lim=39 cap=64: 00 00 00 23 AC ED 00 05 73 72 01 00 14 63 6F 6D...]
2017-12-21 13:02:48,506 - [DEBUG::org.apache.mina.filter.ssl.SslFilter::org.apache.mina.filter.ssl.SslFilter] - Session Client[1](SSL): Writing Message : MessageWriteRequest, parent : WR WrapperWriteRequest: 91:ADD(91)
2017-12-21 13:02:48,506 - [DEBUG::org.apache.mina.filter.ssl.SslFilter::org.apache.mina.filter.ssl.SslFilter] - Session Client[1](SSL): Message received : HeapBuffer[pos=0 lim=68 cap=128: 17 03 03 00 3F 00 00 00 00 00 00 11 FC 96 B3 E8...]
2017-12-21 13:02:48,506 - [DEBUG::org.apache.mina.filter.ssl.SslHandler::org.apache.mina.filter.ssl.SslHandler] - Session Client[1](SSL) Processing the received message
2017-12-21 13:02:48,506 - [DEBUG::org.apache.mina.filter.ssl.SslFilter::org.apache.mina.filter.ssl.SslFilter] - Session Client[1](SSL): Processing the SSL Data 
2017-12-21 13:02:48,507 - [DEBUG::org.apache.mina.filter.codec.ProtocolCodecFilter::org.apache.mina.filter.codec.ProtocolCodecFilter] - Processing a MESSAGE_RECEIVED for session 1
2017-12-21 13:02:48,507 - [INFO::com.ssl.mina.server.ServerHandler::com.ssl.mina.client.ClientHandler] - Received : 18:ADD(18)
2017-12-21 13:02:48,507 - [DEBUG::org.apache.mina.filter.ssl.SslFilter::org.apache.mina.filter.ssl.SslFilter] - Session Client[1](SSL): Writing Message : WriteRequest: HeapBuffer[pos=0 lim=39 cap=64: 00 00 00 23 AC ED 00 05 73 72 01 00 14 63 6F 6D...]
2017-12-21 13:02:48,507 - [DEBUG::org.apache.mina.filter.ssl.SslFilter::org.apache.mina.filter.ssl.SslFilter] - Session Client[1](SSL): Writing Message : MessageWriteRequest, parent : WR WrapperWriteRequest: 49:ADD(49)
2017-12-21 13:02:48,507 - [DEBUG::org.apache.mina.filter.ssl.SslFilter::org.apache.mina.filter.ssl.SslFilter] - Session Client[1](SSL): Message received : HeapBuffer[pos=0 lim=68 cap=128: 17 03 03 00 3F 00 00 00 00 00 00 11 FD 92 F7 3C...]
2017-12-21 13:02:48,507 - [DEBUG::org.apache.mina.filter.ssl.SslHandler::org.apache.mina.filter.ssl.SslHandler] - Session Client[1](SSL) Processing the received message
2017-12-21 13:02:48,507 - [DEBUG::org.apache.mina.filter.ssl.SslFilter::org.apache.mina.filter.ssl.SslFilter] - Session Client[1](SSL): Processing the SSL Data 
2017-12-21 13:02:48,507 - [DEBUG::org.apache.mina.filter.codec.ProtocolCodecFilter::org.apache.mina.filter.codec.ProtocolCodecFilter] - Processing a MESSAGE_RECEIVED for session 1
2017-12-21 13:02:48,507 - [INFO::com.ssl.mina.server.ServerHandler::com.ssl.mina.client.ClientHandler] - Received : 10:ADD(10)
2017-12-21 13:02:48,507 - [DEBUG::org.apache.mina.filter.ssl.SslFilter::org.apache.mina.filter.ssl.SslFilter] - Session Client[1](SSL): Writing Message : WriteRequest: HeapBuffer[pos=0 lim=39 cap=64: 00 00 00 23 AC ED 00 05 73 72 01 00 14 63 6F 6D...]
2017-12-21 13:02:48,507 - [DEBUG::org.apache.mina.filter.ssl.SslFilter::org.apache.mina.filter.ssl.SslFilter] - Session Client[1](SSL): Writing Message : MessageWriteRequest, parent : WR WrapperWriteRequest: 65:ADD(65)
2017-12-21 13:02:48,508 - [DEBUG::org.apache.mina.filter.ssl.SslFilter::org.apache.mina.filter.ssl.SslFilter] - Session Client[1](SSL): Message received : HeapBuffer[pos=0 lim=68 cap=128: 17 03 03 00 3F 00 00 00 00 00 00 11 FE D4 12 41...]
2017-12-21 13:02:48,508 - [DEBUG::org.apache.mina.filter.ssl.SslHandler::org.apache.mina.filter.ssl.SslHandler] - Session Client[1](SSL) Processing the received message
2017-12-21 13:02:48,508 - [DEBUG::org.apache.mina.filter.ssl.SslFilter::org.apache.mina.filter.ssl.SslFilter] - Session Client[1](SSL): Processing the SSL Data 
2017-12-21 13:02:48,508 - [DEBUG::org.apache.mina.filter.codec.ProtocolCodecFilter::org.apache.mina.filter.codec.ProtocolCodecFilter] - Processing a MESSAGE_RECEIVED for session 1
2017-12-21 13:02:48,509 - [INFO::com.ssl.mina.server.ServerHandler::com.ssl.mina.client.ClientHandler] - Received : 39:ADD(39)
2017-12-21 13:02:48,509 - [DEBUG::org.apache.mina.filter.ssl.SslFilter::org.apache.mina.filter.ssl.SslFilter] - Session Client[1](SSL): Writing Message : WriteRequest: HeapBuffer[pos=0 lim=39 cap=64: 00 00 00 23 AC ED 00 05 73 72 01 00 14 63 6F 6D...]
2017-12-21 13:02:48,509 - [DEBUG::org.apache.mina.filter.ssl.SslFilter::org.apache.mina.filter.ssl.SslFilter] - Session Client[1](SSL): Writing Message : MessageWriteRequest, parent : WR WrapperWriteRequest: 34:ADD(34)
2017-12-21 13:02:48,509 - [DEBUG::org.apache.mina.filter.ssl.SslFilter::org.apache.mina.filter.ssl.SslFilter] - Session Client[1](SSL): Message received : HeapBuffer[pos=0 lim=68 cap=128: 17 03 03 00 3F 00 00 00 00 00 00 11 FF 5B 27 6A...]
2017-12-21 13:02:48,509 - [DEBUG::org.apache.mina.filter.ssl.SslHandler::org.apache.mina.filter.ssl.SslHandler] - Session Client[1](SSL) Processing the received message
2017-12-21 13:02:48,509 - [DEBUG::org.apache.mina.filter.ssl.SslFilter::org.apache.mina.filter.ssl.SslFilter] - Session Client[1](SSL): Processing the SSL Data 
2017-12-21 13:02:48,509 - [DEBUG::org.apache.mina.filter.codec.ProtocolCodecFilter::org.apache.mina.filter.codec.ProtocolCodecFilter] - Processing a MESSAGE_RECEIVED for session 1
2017-12-21 13:02:48,509 - [INFO::com.ssl.mina.server.ServerHandler::com.ssl.mina.client.ClientHandler] - Received : 70:ADD(70)
2017-12-21 13:02:48,509 - [DEBUG::org.apache.mina.filter.ssl.SslFilter::org.apache.mina.filter.ssl.SslFilter] - Session Client[1](SSL): Writing Message : WriteRequest: HeapBuffer[pos=0 lim=39 cap=64: 00 00 00 23 AC ED 00 05 73 72 01 00 14 63 6F 6D...]
2017-12-21 13:02:48,509 - [DEBUG::org.apache.mina.filter.ssl.SslFilter::org.apache.mina.filter.ssl.SslFilter] - Session Client[1](SSL): Writing Message : MessageWriteRequest, parent : WR WrapperWriteRequest: 27:ADD(27)
2017-12-21 13:02:48,509 - [DEBUG::org.apache.mina.filter.ssl.SslFilter::org.apache.mina.filter.ssl.SslFilter] - Session Client[1](SSL): Message received : HeapBuffer[pos=0 lim=68 cap=128: 17 03 03 00 3F 00 00 00 00 00 00 12 00 CA D1 61...]
2017-12-21 13:02:48,510 - [DEBUG::org.apache.mina.filter.ssl.SslHandler::org.apache.mina.filter.ssl.SslHandler] - Session Client[1](SSL) Processing the received message
2017-12-21 13:02:48,510 - [DEBUG::org.apache.mina.filter.ssl.SslFilter::org.apache.mina.filter.ssl.SslFilter] - Session Client[1](SSL): Processing the SSL Data 
2017-12-21 13:02:48,510 - [DEBUG::org.apache.mina.filter.codec.ProtocolCodecFilter::org.apache.mina.filter.codec.ProtocolCodecFilter] - Processing a MESSAGE_RECEIVED for session 1
2017-12-21 13:02:48,510 - [INFO::com.ssl.mina.server.ServerHandler::com.ssl.mina.client.ClientHandler] - Received : 80:ADD(80)
2017-12-21 13:02:48,510 - [DEBUG::org.apache.mina.filter.ssl.SslFilter::org.apache.mina.filter.ssl.SslFilter] - Session Client[1](SSL): Writing Message : WriteRequest: HeapBuffer[pos=0 lim=39 cap=64: 00 00 00 23 AC ED 00 05 73 72 01 00 14 63 6F 6D...]
2017-12-21 13:02:48,510 - [DEBUG::org.apache.mina.filter.ssl.SslFilter::org.apache.mina.filter.ssl.SslFilter] - Session Client[1](SSL): Writing Message : MessageWriteRequest, parent : WR WrapperWriteRequest: 75:ADD(75)
2017-12-21 13:02:48,510 - [DEBUG::org.apache.mina.filter.ssl.SslFilter::org.apache.mina.filter.ssl.SslFilter] - Session Client[1](SSL): Message received : HeapBuffer[pos=0 lim=68 cap=128: 17 03 03 00 3F 00 00 00 00 00 00 12 01 CA 98 5F...]
2017-12-21 13:02:48,510 - [DEBUG::org.apache.mina.filter.ssl.SslHandler::org.apache.mina.filter.ssl.SslHandler] - Session Client[1](SSL) Processing the received message
2017-12-21 13:02:48,510 - [DEBUG::org.apache.mina.filter.ssl.SslFilter::org.apache.mina.filter.ssl.SslFilter] - Session Client[1](SSL): Processing the SSL Data 
2017-12-21 13:02:48,510 - [DEBUG::org.apache.mina.filter.codec.ProtocolCodecFilter::org.apache.mina.filter.codec.ProtocolCodecFilter] - Processing a MESSAGE_RECEIVED for session 1
2017-12-21 13:02:48,510 - [INFO::com.ssl.mina.server.ServerHandler::com.ssl.mina.client.ClientHandler] - Received : 68:ADD(68)
2017-12-21 13:02:48,510 - [DEBUG::org.apache.mina.filter.ssl.SslFilter::org.apache.mina.filter.ssl.SslFilter] - Session Client[1](SSL): Writing Message : WriteRequest: HeapBuffer[pos=0 lim=39 cap=64: 00 00 00 23 AC ED 00 05 73 72 01 00 14 63 6F 6D...]
2017-12-21 13:02:48,511 - [DEBUG::org.apache.mina.filter.ssl.SslFilter::org.apache.mina.filter.ssl.SslFilter] - Session Client[1](SSL): Writing Message : MessageWriteRequest, parent : WR WrapperWriteRequest: 3:ADD(3)
2017-12-21 13:02:48,511 - [DEBUG::org.apache.mina.filter.ssl.SslFilter::org.apache.mina.filter.ssl.SslFilter] - Session Client[1](SSL): Message received : HeapBuffer[pos=0 lim=68 cap=128: 17 03 03 00 3F 00 00 00 00 00 00 12 02 57 7C EE...]
2017-12-21 13:02:48,511 - [DEBUG::org.apache.mina.filter.ssl.SslHandler::org.apache.mina.filter.ssl.SslHandler] - Session Client[1](SSL) Processing the received message
2017-12-21 13:02:48,511 - [DEBUG::org.apache.mina.filter.ssl.SslFilter::org.apache.mina.filter.ssl.SslFilter] - Session Client[1](SSL): Processing the SSL Data 
2017-12-21 13:02:48,511 - [DEBUG::org.apache.mina.filter.codec.ProtocolCodecFilter::org.apache.mina.filter.codec.ProtocolCodecFilter] - Processing a MESSAGE_RECEIVED for session 1
2017-12-21 13:02:48,511 - [INFO::com.ssl.mina.server.ServerHandler::com.ssl.mina.client.ClientHandler] - Received : 14:ADD(14)
2017-12-21 13:02:48,511 - [DEBUG::org.apache.mina.filter.ssl.SslFilter::org.apache.mina.filter.ssl.SslFilter] - Session Client[1](SSL): Writing Message : WriteRequest: HeapBuffer[pos=0 lim=39 cap=64: 00 00 00 23 AC ED 00 05 73 72 01 00 14 63 6F 6D...]
2017-12-21 13:02:48,511 - [DEBUG::org.apache.mina.filter.ssl.SslFilter::org.apache.mina.filter.ssl.SslFilter] - Session Client[1](SSL): Writing Message : MessageWriteRequest, parent : WR WrapperWriteRequest: 63:ADD(63)
2017-12-21 13:02:48,511 - [DEBUG::org.apache.mina.filter.ssl.SslFilter::org.apache.mina.filter.ssl.SslFilter] - Session Client[1](SSL): Message received : HeapBuffer[pos=0 lim=68 cap=128: 17 03 03 00 3F 00 00 00 00 00 00 12 03 3E B0 0F...]
2017-12-21 13:02:48,511 - [DEBUG::org.apache.mina.filter.ssl.SslHandler::org.apache.mina.filter.ssl.SslHandler] - Session Client[1](SSL) Processing the received message
2017-12-21 13:02:48,511 - [DEBUG::org.apache.mina.filter.ssl.SslFilter::org.apache.mina.filter.ssl.SslFilter] - Session Client[1](SSL): Processing the SSL Data 
2017-12-21 13:02:48,511 - [DEBUG::org.apache.mina.filter.codec.ProtocolCodecFilter::org.apache.mina.filter.codec.ProtocolCodecFilter] - Processing a MESSAGE_RECEIVED for session 1
2017-12-21 13:02:48,512 - [INFO::com.ssl.mina.server.ServerHandler::com.ssl.mina.client.ClientHandler] - Received : 54:ADD(54)
2017-12-21 13:02:48,512 - [DEBUG::org.apache.mina.filter.ssl.SslFilter::org.apache.mina.filter.ssl.SslFilter] - Session Client[1](SSL): Writing Message : WriteRequest: HeapBuffer[pos=0 lim=39 cap=64: 00 00 00 23 AC ED 00 05 73 72 01 00 14 63 6F 6D...]
2017-12-21 13:02:48,512 - [DEBUG::org.apache.mina.filter.ssl.SslFilter::org.apache.mina.filter.ssl.SslFilter] - Session Client[1](SSL): Writing Message : MessageWriteRequest, parent : WR WrapperWriteRequest: 63:ADD(63)
2017-12-21 13:02:48,512 - [DEBUG::org.apache.mina.filter.ssl.SslFilter::org.apache.mina.filter.ssl.SslFilter] - Session Client[1](SSL): Message received : HeapBuffer[pos=0 lim=128 cap=128: 17 03 03 00 3F 00 00 00 00 00 00 12 04 BC 3D 64...]
2017-12-21 13:02:48,512 - [DEBUG::org.apache.mina.filter.ssl.SslHandler::org.apache.mina.filter.ssl.SslHandler] - Session Client[1](SSL) Processing the received message
2017-12-21 13:02:48,512 - [DEBUG::org.apache.mina.filter.ssl.SslFilter::org.apache.mina.filter.ssl.SslFilter] - Session Client[1](SSL): Processing the SSL Data 
2017-12-21 13:02:48,512 - [DEBUG::org.apache.mina.filter.codec.ProtocolCodecFilter::org.apache.mina.filter.codec.ProtocolCodecFilter] - Processing a MESSAGE_RECEIVED for session 1
2017-12-21 13:02:48,512 - [INFO::com.ssl.mina.server.ServerHandler::com.ssl.mina.client.ClientHandler] - Received : 69:ADD(69)
2017-12-21 13:02:48,512 - [DEBUG::org.apache.mina.filter.ssl.SslFilter::org.apache.mina.filter.ssl.SslFilter] - Session Client[1](SSL): Writing Message : WriteRequest: HeapBuffer[pos=0 lim=39 cap=64: 00 00 00 23 AC ED 00 05 73 72 01 00 14 63 6F 6D...]
2017-12-21 13:02:48,512 - [DEBUG::org.apache.mina.filter.ssl.SslFilter::org.apache.mina.filter.ssl.SslFilter] - Session Client[1](SSL): Writing Message : MessageWriteRequest, parent : WR WrapperWriteRequest: 59:ADD(59)
2017-12-21 13:02:48,513 - [DEBUG::org.apache.mina.filter.ssl.SslFilter::org.apache.mina.filter.ssl.SslFilter] - Session Client[1](SSL): Message received : HeapBuffer[pos=0 lim=76 cap=256: D8 6B 15 60 8A 90 94 EE 17 03 03 00 3F 00 00 00...]
2017-12-21 13:02:48,513 - [DEBUG::org.apache.mina.filter.ssl.SslHandler::org.apache.mina.filter.ssl.SslHandler] - Session Client[1](SSL) Processing the received message
2017-12-21 13:02:48,513 - [DEBUG::org.apache.mina.filter.ssl.SslFilter::org.apache.mina.filter.ssl.SslFilter] - Session Client[1](SSL): Processing the SSL Data 
2017-12-21 13:02:48,513 - [DEBUG::org.apache.mina.filter.codec.ProtocolCodecFilter::org.apache.mina.filter.codec.ProtocolCodecFilter] - Processing a MESSAGE_RECEIVED for session 1
2017-12-21 13:02:48,513 - [INFO::com.ssl.mina.server.ServerHandler::com.ssl.mina.client.ClientHandler] - Received : 41:ADD(41)
2017-12-21 13:02:48,513 - [DEBUG::org.apache.mina.filter.ssl.SslFilter::org.apache.mina.filter.ssl.SslFilter] - Session Client[1](SSL): Writing Message : WriteRequest: HeapBuffer[pos=0 lim=39 cap=64: 00 00 00 23 AC ED 00 05 73 72 01 00 14 63 6F 6D...]
2017-12-21 13:02:48,513 - [DEBUG::org.apache.mina.filter.ssl.SslFilter::org.apache.mina.filter.ssl.SslFilter] - Session Client[1](SSL): Writing Message : MessageWriteRequest, parent : WR WrapperWriteRequest: 22:ADD(22)
2017-12-21 13:02:48,513 - [INFO::com.ssl.mina.server.ServerHandler::com.ssl.mina.client.ClientHandler] - Received : 8:ADD(8)
2017-12-21 13:02:48,513 - [DEBUG::org.apache.mina.filter.ssl.SslFilter::org.apache.mina.filter.ssl.SslFilter] - Session Client[1](SSL): Writing Message : WriteRequest: HeapBuffer[pos=0 lim=39 cap=64: 00 00 00 23 AC ED 00 05 73 72 01 00 14 63 6F 6D...]
2017-12-21 13:02:48,513 - [DEBUG::org.apache.mina.filter.ssl.SslFilter::org.apache.mina.filter.ssl.SslFilter] - Session Client[1](SSL): Writing Message : MessageWriteRequest, parent : WR WrapperWriteRequest: 85:ADD(85)
2017-12-21 13:02:48,513 - [DEBUG::org.apache.mina.filter.ssl.SslFilter::org.apache.mina.filter.ssl.SslFilter] - Session Client[1](SSL): Message received : HeapBuffer[pos=0 lim=136 cap=256: 17 03 03 00 3F 00 00 00 00 00 00 12 07 9C 38 C7...]
2017-12-21 13:02:48,514 - [DEBUG::org.apache.mina.filter.ssl.SslHandler::org.apache.mina.filter.ssl.SslHandler] - Session Client[1](SSL) Processing the received message
2017-12-21 13:02:48,514 - [DEBUG::org.apache.mina.filter.ssl.SslFilter::org.apache.mina.filter.ssl.SslFilter] - Session Client[1](SSL): Processing the SSL Data 
2017-12-21 13:02:48,514 - [DEBUG::org.apache.mina.filter.codec.ProtocolCodecFilter::org.apache.mina.filter.codec.ProtocolCodecFilter] - Processing a MESSAGE_RECEIVED for session 1
2017-12-21 13:02:48,514 - [INFO::com.ssl.mina.server.ServerHandler::com.ssl.mina.client.ClientHandler] - Received : 81:ADD(81)
2017-12-21 13:02:48,514 - [DEBUG::org.apache.mina.filter.ssl.SslFilter::org.apache.mina.filter.ssl.SslFilter] - Session Client[1](SSL): Writing Message : WriteRequest: HeapBuffer[pos=0 lim=39 cap=64: 00 00 00 23 AC ED 00 05 73 72 01 00 14 63 6F 6D...]
2017-12-21 13:02:48,514 - [DEBUG::org.apache.mina.filter.ssl.SslFilter::org.apache.mina.filter.ssl.SslFilter] - Session Client[1](SSL): Writing Message : MessageWriteRequest, parent : WR WrapperWriteRequest: 78:ADD(78)
2017-12-21 13:02:48,514 - [INFO::com.ssl.mina.server.ServerHandler::com.ssl.mina.client.ClientHandler] - Received : 85:ADD(85)
2017-12-21 13:02:48,514 - [DEBUG::org.apache.mina.filter.ssl.SslFilter::org.apache.mina.filter.ssl.SslFilter] - Session Client[1](SSL): Writing Message : WriteRequest: HeapBuffer[pos=0 lim=39 cap=64: 00 00 00 23 AC ED 00 05 73 72 01 00 14 63 6F 6D...]
2017-12-21 13:02:48,514 - [DEBUG::org.apache.mina.filter.ssl.SslFilter::org.apache.mina.filter.ssl.SslFilter] - Session Client[1](SSL): Writing Message : MessageWriteRequest, parent : WR WrapperWriteRequest: 66:ADD(66)
2017-12-21 13:02:48,514 - [DEBUG::org.apache.mina.filter.ssl.SslFilter::org.apache.mina.filter.ssl.SslFilter] - Session Client[1](SSL): Message received : HeapBuffer[pos=0 lim=68 cap=256: 17 03 03 00 3F 00 00 00 00 00 00 12 09 7C CC 34...]
2017-12-21 13:02:48,514 - [DEBUG::org.apache.mina.filter.ssl.SslHandler::org.apache.mina.filter.ssl.SslHandler] - Session Client[1](SSL) Processing the received message
2017-12-21 13:02:48,514 - [DEBUG::org.apache.mina.filter.ssl.SslFilter::org.apache.mina.filter.ssl.SslFilter] - Session Client[1](SSL): Processing the SSL Data 
2017-12-21 13:02:48,514 - [DEBUG::org.apache.mina.filter.codec.ProtocolCodecFilter::org.apache.mina.filter.codec.ProtocolCodecFilter] - Processing a MESSAGE_RECEIVED for session 1
2017-12-21 13:02:48,514 - [INFO::com.ssl.mina.server.ServerHandler::com.ssl.mina.client.ClientHandler] - Received : 15:ADD(15)
2017-12-21 13:02:48,514 - [DEBUG::org.apache.mina.filter.ssl.SslFilter::org.apache.mina.filter.ssl.SslFilter] - Session Client[1](SSL): Writing Message : WriteRequest: HeapBuffer[pos=0 lim=39 cap=64: 00 00 00 23 AC ED 00 05 73 72 01 00 14 63 6F 6D...]
2017-12-21 13:02:48,515 - [DEBUG::org.apache.mina.filter.ssl.SslFilter::org.apache.mina.filter.ssl.SslFilter] - Session Client[1](SSL): Writing Message : MessageWriteRequest, parent : WR WrapperWriteRequest: 61:ADD(61)
2017-12-21 13:02:48,515 - [DEBUG::org.apache.mina.filter.ssl.SslFilter::org.apache.mina.filter.ssl.SslFilter] - Session Client[1](SSL): Message received : HeapBuffer[pos=0 lim=68 cap=128: 17 03 03 00 3F 00 00 00 00 00 00 12 0A 41 CA A1...]
2017-12-21 13:02:48,515 - [DEBUG::org.apache.mina.filter.ssl.SslHandler::org.apache.mina.filter.ssl.SslHandler] - Session Client[1](SSL) Processing the received message
2017-12-21 13:02:48,515 - [DEBUG::org.apache.mina.filter.ssl.SslFilter::org.apache.mina.filter.ssl.SslFilter] - Session Client[1](SSL): Processing the SSL Data 
2017-12-21 13:02:48,515 - [DEBUG::org.apache.mina.filter.codec.ProtocolCodecFilter::org.apache.mina.filter.codec.ProtocolCodecFilter] - Processing a MESSAGE_RECEIVED for session 1
2017-12-21 13:02:48,515 - [INFO::com.ssl.mina.server.ServerHandler::com.ssl.mina.client.ClientHandler] - Received : 67:ADD(67)
2017-12-21 13:02:48,515 - [DEBUG::org.apache.mina.filter.ssl.SslFilter::org.apache.mina.filter.ssl.SslFilter] - Session Client[1](SSL): Writing Message : WriteRequest: HeapBuffer[pos=0 lim=39 cap=64: 00 00 00 23 AC ED 00 05 73 72 01 00 14 63 6F 6D...]
2017-12-21 13:02:48,515 - [DEBUG::org.apache.mina.filter.ssl.SslFilter::org.apache.mina.filter.ssl.SslFilter] - Session Client[1](SSL): Writing Message : MessageWriteRequest, parent : WR WrapperWriteRequest: 71:ADD(71)
2017-12-21 13:02:48,515 - [DEBUG::org.apache.mina.filter.ssl.SslFilter::org.apache.mina.filter.ssl.SslFilter] - Session Client[1](SSL): Message received : HeapBuffer[pos=0 lim=68 cap=128: 17 03 03 00 3F 00 00 00 00 00 00 12 0B B4 79 1F...]
2017-12-21 13:02:48,515 - [DEBUG::org.apache.mina.filter.ssl.SslHandler::org.apache.mina.filter.ssl.SslHandler] - Session Client[1](SSL) Processing the received message
2017-12-21 13:02:48,515 - [DEBUG::org.apache.mina.filter.ssl.SslFilter::org.apache.mina.filter.ssl.SslFilter] - Session Client[1](SSL): Processing the SSL Data 
2017-12-21 13:02:48,515 - [DEBUG::org.apache.mina.filter.codec.ProtocolCodecFilter::org.apache.mina.filter.codec.ProtocolCodecFilter] - Processing a MESSAGE_RECEIVED for session 1
2017-12-21 13:02:48,515 - [INFO::com.ssl.mina.server.ServerHandler::com.ssl.mina.client.ClientHandler] - Received : 16:ADD(16)
2017-12-21 13:02:48,515 - [DEBUG::org.apache.mina.filter.ssl.SslFilter::org.apache.mina.filter.ssl.SslFilter] - Session Client[1](SSL): Writing Message : WriteRequest: HeapBuffer[pos=0 lim=39 cap=64: 00 00 00 23 AC ED 00 05 73 72 01 00 14 63 6F 6D...]
2017-12-21 13:02:48,515 - [DEBUG::org.apache.mina.filter.ssl.SslFilter::org.apache.mina.filter.ssl.SslFilter] - Session Client[1](SSL): Writing Message : MessageWriteRequest, parent : WR WrapperWriteRequest: 70:ADD(70)
2017-12-21 13:02:48,516 - [DEBUG::org.apache.mina.filter.ssl.SslFilter::org.apache.mina.filter.ssl.SslFilter] - Session Client[1](SSL): Message received : HeapBuffer[pos=0 lim=68 cap=128: 17 03 03 00 3F 00 00 00 00 00 00 12 0C 65 8E B2...]
2017-12-21 13:02:48,516 - [DEBUG::org.apache.mina.filter.ssl.SslHandler::org.apache.mina.filter.ssl.SslHandler] - Session Client[1](SSL) Processing the received message
2017-12-21 13:02:48,516 - [DEBUG::org.apache.mina.filter.ssl.SslFilter::org.apache.mina.filter.ssl.SslFilter] - Session Client[1](SSL): Processing the SSL Data 
2017-12-21 13:02:48,516 - [DEBUG::org.apache.mina.filter.codec.ProtocolCodecFilter::org.apache.mina.filter.codec.ProtocolCodecFilter] - Processing a MESSAGE_RECEIVED for session 1
2017-12-21 13:02:48,516 - [INFO::com.ssl.mina.server.ServerHandler::com.ssl.mina.client.ClientHandler] - Received : 86:ADD(86)
2017-12-21 13:02:48,516 - [DEBUG::org.apache.mina.filter.ssl.SslFilter::org.apache.mina.filter.ssl.SslFilter] - Session Client[1](SSL): Writing Message : WriteRequest: HeapBuffer[pos=0 lim=39 cap=64: 00 00 00 23 AC ED 00 05 73 72 01 00 14 63 6F 6D...]
2017-12-21 13:02:48,516 - [DEBUG::org.apache.mina.filter.ssl.SslFilter::org.apache.mina.filter.ssl.SslFilter] - Session Client[1](SSL): Writing Message : MessageWriteRequest, parent : WR WrapperWriteRequest: 55:ADD(55)
2017-12-21 13:02:48,516 - [DEBUG::org.apache.mina.filter.ssl.SslFilter::org.apache.mina.filter.ssl.SslFilter] - Session Client[1](SSL): Message received : HeapBuffer[pos=0 lim=68 cap=128: 17 03 03 00 3F 00 00 00 00 00 00 12 0D E3 2B 65...]
2017-12-21 13:02:48,516 - [DEBUG::org.apache.mina.filter.ssl.SslHandler::org.apache.mina.filter.ssl.SslHandler] - Session Client[1](SSL) Processing the received message
2017-12-21 13:02:48,516 - [DEBUG::org.apache.mina.filter.ssl.SslFilter::org.apache.mina.filter.ssl.SslFilter] - Session Client[1](SSL): Processing the SSL Data 
2017-12-21 13:02:48,516 - [DEBUG::org.apache.mina.filter.codec.ProtocolCodecFilter::org.apache.mina.filter.codec.ProtocolCodecFilter] - Processing a MESSAGE_RECEIVED for session 1
2017-12-21 13:02:48,517 - [INFO::com.ssl.mina.server.ServerHandler::com.ssl.mina.client.ClientHandler] - Received : 94:ADD(94)
2017-12-21 13:02:48,517 - [DEBUG::org.apache.mina.filter.ssl.SslFilter::org.apache.mina.filter.ssl.SslFilter] - Session Client[1](SSL): Writing Message : WriteRequest: HeapBuffer[pos=0 lim=39 cap=64: 00 00 00 23 AC ED 00 05 73 72 01 00 14 63 6F 6D...]
2017-12-21 13:02:48,517 - [DEBUG::org.apache.mina.filter.ssl.SslFilter::org.apache.mina.filter.ssl.SslFilter] - Session Client[1](SSL): Writing Message : MessageWriteRequest, parent : WR WrapperWriteRequest: 70:ADD(70)
2017-12-21 13:02:48,517 - [DEBUG::org.apache.mina.filter.ssl.SslFilter::org.apache.mina.filter.ssl.SslFilter] - Session Client[1](SSL): Message received : HeapBuffer[pos=0 lim=68 cap=128: 17 03 03 00 3F 00 00 00 00 00 00 12 0E 33 AA 4D...]
2017-12-21 13:02:48,517 - [DEBUG::org.apache.mina.filter.ssl.SslHandler::org.apache.mina.filter.ssl.SslHandler] - Session Client[1](SSL) Processing the received message
2017-12-21 13:02:48,517 - [DEBUG::org.apache.mina.filter.ssl.SslFilter::org.apache.mina.filter.ssl.SslFilter] - Session Client[1](SSL): Processing the SSL Data 
2017-12-21 13:02:48,517 - [DEBUG::org.apache.mina.filter.codec.ProtocolCodecFilter::org.apache.mina.filter.codec.ProtocolCodecFilter] - Processing a MESSAGE_RECEIVED for session 1
2017-12-21 13:02:48,517 - [INFO::com.ssl.mina.server.ServerHandler::com.ssl.mina.client.ClientHandler] - Received : 36:ADD(36)
2017-12-21 13:02:48,517 - [DEBUG::org.apache.mina.filter.ssl.SslFilter::org.apache.mina.filter.ssl.SslFilter] - Session Client[1](SSL): Writing Message : WriteRequest: HeapBuffer[pos=0 lim=39 cap=64: 00 00 00 23 AC ED 00 05 73 72 01 00 14 63 6F 6D...]
2017-12-21 13:02:48,517 - [DEBUG::org.apache.mina.filter.ssl.SslFilter::org.apache.mina.filter.ssl.SslFilter] - Session Client[1](SSL): Writing Message : MessageWriteRequest, parent : WR WrapperWriteRequest: 0:ADD(0)
2017-12-21 13:02:48,517 - [DEBUG::org.apache.mina.filter.ssl.SslFilter::org.apache.mina.filter.ssl.SslFilter] - Session Client[1](SSL): Message received : HeapBuffer[pos=0 lim=68 cap=128: 17 03 03 00 3F 00 00 00 00 00 00 12 0F 5A 60 EE...]
2017-12-21 13:02:48,517 - [DEBUG::org.apache.mina.filter.ssl.SslHandler::org.apache.mina.filter.ssl.SslHandler] - Session Client[1](SSL) Processing the received message
2017-12-21 13:02:48,517 - [DEBUG::org.apache.mina.filter.ssl.SslFilter::org.apache.mina.filter.ssl.SslFilter] - Session Client[1](SSL): Processing the SSL Data 
2017-12-21 13:02:48,517 - [DEBUG::org.apache.mina.filter.codec.ProtocolCodecFilter::org.apache.mina.filter.codec.ProtocolCodecFilter] - Processing a MESSAGE_RECEIVED for session 1
2017-12-21 13:02:48,517 - [INFO::com.ssl.mina.server.ServerHandler::com.ssl.mina.client.ClientHandler] - Received : 83:ADD(83)
2017-12-21 13:02:48,517 - [DEBUG::org.apache.mina.filter.ssl.SslFilter::org.apache.mina.filter.ssl.SslFilter] - Session Client[1](SSL): Writing Message : WriteRequest: HeapBuffer[pos=0 lim=39 cap=64: 00 00 00 23 AC ED 00 05 73 72 01 00 14 63 6F 6D...]
2017-12-21 13:02:48,517 - [DEBUG::org.apache.mina.filter.ssl.SslFilter::org.apache.mina.filter.ssl.SslFilter] - Session Client[1](SSL): Writing Message : MessageWriteRequest, parent : WR WrapperWriteRequest: 65:ADD(65)
2017-12-21 13:02:48,518 - [DEBUG::org.apache.mina.filter.ssl.SslFilter::org.apache.mina.filter.ssl.SslFilter] - Session Client[1](SSL): Message received : HeapBuffer[pos=0 lim=68 cap=128: 17 03 03 00 3F 00 00 00 00 00 00 12 10 C0 25 0A...]
2017-12-21 13:02:48,518 - [DEBUG::org.apache.mina.filter.ssl.SslHandler::org.apache.mina.filter.ssl.SslHandler] - Session Client[1](SSL) Processing the received message
2017-12-21 13:02:48,518 - [DEBUG::org.apache.mina.filter.ssl.SslFilter::org.apache.mina.filter.ssl.SslFilter] - Session Client[1](SSL): Processing the SSL Data 
2017-12-21 13:02:48,518 - [DEBUG::org.apache.mina.filter.codec.ProtocolCodecFilter::org.apache.mina.filter.codec.ProtocolCodecFilter] - Processing a MESSAGE_RECEIVED for session 1
2017-12-21 13:02:48,518 - [INFO::com.ssl.mina.server.ServerHandler::com.ssl.mina.client.ClientHandler] - Received : 68:ADD(68)
2017-12-21 13:02:48,518 - [DEBUG::org.apache.mina.filter.ssl.SslFilter::org.apache.mina.filter.ssl.SslFilter] - Session Client[1](SSL): Writing Message : WriteRequest: HeapBuffer[pos=0 lim=39 cap=64: 00 00 00 23 AC ED 00 05 73 72 01 00 14 63 6F 6D...]
2017-12-21 13:02:48,518 - [DEBUG::org.apache.mina.filter.ssl.SslFilter::org.apache.mina.filter.ssl.SslFilter] - Session Client[1](SSL): Writing Message : MessageWriteRequest, parent : WR WrapperWriteRequest: 69:ADD(69)
2017-12-21 13:02:48,518 - [DEBUG::org.apache.mina.filter.ssl.SslFilter::org.apache.mina.filter.ssl.SslFilter] - Session Client[1](SSL): Message received : HeapBuffer[pos=0 lim=68 cap=128: 17 03 03 00 3F 00 00 00 00 00 00 12 11 FF 9F 5D...]
2017-12-21 13:02:48,518 - [DEBUG::org.apache.mina.filter.ssl.SslHandler::org.apache.mina.filter.ssl.SslHandler] - Session Client[1](SSL) Processing the received message
2017-12-21 13:02:48,518 - [DEBUG::org.apache.mina.filter.ssl.SslFilter::org.apache.mina.filter.ssl.SslFilter] - Session Client[1](SSL): Processing the SSL Data 
2017-12-21 13:02:48,518 - [DEBUG::org.apache.mina.filter.codec.ProtocolCodecFilter::org.apache.mina.filter.codec.ProtocolCodecFilter] - Processing a MESSAGE_RECEIVED for session 1
2017-12-21 13:02:48,518 - [INFO::com.ssl.mina.server.ServerHandler::com.ssl.mina.client.ClientHandler] - Received : 85:ADD(85)
2017-12-21 13:02:48,518 - [DEBUG::org.apache.mina.filter.ssl.SslFilter::org.apache.mina.filter.ssl.SslFilter] - Session Client[1](SSL): Writing Message : WriteRequest: HeapBuffer[pos=0 lim=39 cap=64: 00 00 00 23 AC ED 00 05 73 72 01 00 14 63 6F 6D...]
2017-12-21 13:02:48,518 - [DEBUG::org.apache.mina.filter.ssl.SslFilter::org.apache.mina.filter.ssl.SslFilter] - Session Client[1](SSL): Writing Message : MessageWriteRequest, parent : WR WrapperWriteRequest: 80:ADD(80)
2017-12-21 13:02:48,518 - [DEBUG::org.apache.mina.filter.ssl.SslFilter::org.apache.mina.filter.ssl.SslFilter] - Session Client[1](SSL): Message received : HeapBuffer[pos=0 lim=128 cap=128: 17 03 03 00 3F 00 00 00 00 00 00 12 12 5C 7A 0D...]
2017-12-21 13:02:48,518 - [DEBUG::org.apache.mina.filter.ssl.SslHandler::org.apache.mina.filter.ssl.SslHandler] - Session Client[1](SSL) Processing the received message
2017-12-21 13:02:48,519 - [DEBUG::org.apache.mina.filter.ssl.SslFilter::org.apache.mina.filter.ssl.SslFilter] - Session Client[1](SSL): Processing the SSL Data 
2017-12-21 13:02:48,519 - [DEBUG::org.apache.mina.filter.codec.ProtocolCodecFilter::org.apache.mina.filter.codec.ProtocolCodecFilter] - Processing a MESSAGE_RECEIVED for session 1
2017-12-21 13:02:48,519 - [INFO::com.ssl.mina.server.ServerHandler::com.ssl.mina.client.ClientHandler] - Received : 52:ADD(52)
2017-12-21 13:02:48,519 - [DEBUG::org.apache.mina.filter.ssl.SslFilter::org.apache.mina.filter.ssl.SslFilter] - Session Client[1](SSL): Writing Message : WriteRequest: HeapBuffer[pos=0 lim=39 cap=64: 00 00 00 23 AC ED 00 05 73 72 01 00 14 63 6F 6D...]
2017-12-21 13:02:48,519 - [DEBUG::org.apache.mina.filter.ssl.SslFilter::org.apache.mina.filter.ssl.SslFilter] - Session Client[1](SSL): Writing Message : MessageWriteRequest, parent : WR WrapperWriteRequest: 50:ADD(50)
2017-12-21 13:02:48,519 - [DEBUG::org.apache.mina.filter.ssl.SslFilter::org.apache.mina.filter.ssl.SslFilter] - Session Client[1](SSL): Message received : HeapBuffer[pos=0 lim=144 cap=256: 3E 6E C5 A7 1E 16 B4 77 17 03 03 00 3F 00 00 00...]
2017-12-21 13:02:48,519 - [DEBUG::org.apache.mina.filter.ssl.SslHandler::org.apache.mina.filter.ssl.SslHandler] - Session Client[1](SSL) Processing the received message
2017-12-21 13:02:48,519 - [DEBUG::org.apache.mina.filter.ssl.SslFilter::org.apache.mina.filter.ssl.SslFilter] - Session Client[1](SSL): Processing the SSL Data 
2017-12-21 13:02:48,519 - [DEBUG::org.apache.mina.filter.codec.ProtocolCodecFilter::org.apache.mina.filter.codec.ProtocolCodecFilter] - Processing a MESSAGE_RECEIVED for session 1
2017-12-21 13:02:48,519 - [INFO::com.ssl.mina.server.ServerHandler::com.ssl.mina.client.ClientHandler] - Received : 37:ADD(37)
2017-12-21 13:02:48,519 - [DEBUG::org.apache.mina.filter.ssl.SslFilter::org.apache.mina.filter.ssl.SslFilter] - Session Client[1](SSL): Writing Message : WriteRequest: HeapBuffer[pos=0 lim=39 cap=64: 00 00 00 23 AC ED 00 05 73 72 01 00 14 63 6F 6D...]
2017-12-21 13:02:48,519 - [DEBUG::org.apache.mina.filter.ssl.SslFilter::org.apache.mina.filter.ssl.SslFilter] - Session Client[1](SSL): Writing Message : MessageWriteRequest, parent : WR WrapperWriteRequest: 89:ADD(89)
2017-12-21 13:02:48,520 - [INFO::com.ssl.mina.server.ServerHandler::com.ssl.mina.client.ClientHandler] - Received : 57:ADD(57)
2017-12-21 13:02:48,520 - [DEBUG::org.apache.mina.filter.ssl.SslFilter::org.apache.mina.filter.ssl.SslFilter] - Session Client[1](SSL): Writing Message : WriteRequest: HeapBuffer[pos=0 lim=39 cap=64: 00 00 00 23 AC ED 00 05 73 72 01 00 14 63 6F 6D...]
2017-12-21 13:02:48,520 - [DEBUG::org.apache.mina.filter.ssl.SslFilter::org.apache.mina.filter.ssl.SslFilter] - Session Client[1](SSL): Writing Message : MessageWriteRequest, parent : WR WrapperWriteRequest: 9:ADD(9)
2017-12-21 13:02:48,520 - [INFO::com.ssl.mina.server.ServerHandler::com.ssl.mina.client.ClientHandler] - Received : 29:ADD(29)
2017-12-21 13:02:48,520 - [DEBUG::org.apache.mina.filter.ssl.SslFilter::org.apache.mina.filter.ssl.SslFilter] - Session Client[1](SSL): Writing Message : WriteRequest: HeapBuffer[pos=0 lim=39 cap=64: 00 00 00 23 AC ED 00 05 73 72 01 00 14 63 6F 6D...]
2017-12-21 13:02:48,520 - [DEBUG::org.apache.mina.filter.ssl.SslFilter::org.apache.mina.filter.ssl.SslFilter] - Session Client[1](SSL): Writing Message : MessageWriteRequest, parent : WR WrapperWriteRequest: 83:ADD(83)
2017-12-21 13:02:48,520 - [DEBUG::org.apache.mina.filter.ssl.SslFilter::org.apache.mina.filter.ssl.SslFilter] - Session Client[1](SSL): Message received : HeapBuffer[pos=0 lim=68 cap=256: 17 03 03 00 3F 00 00 00 00 00 00 12 16 32 0D 5B...]
2017-12-21 13:02:48,520 - [DEBUG::org.apache.mina.filter.ssl.SslHandler::org.apache.mina.filter.ssl.SslHandler] - Session Client[1](SSL) Processing the received message
2017-12-21 13:02:48,520 - [DEBUG::org.apache.mina.filter.ssl.SslFilter::org.apache.mina.filter.ssl.SslFilter] - Session Client[1](SSL): Processing the SSL Data 
2017-12-21 13:02:48,520 - [DEBUG::org.apache.mina.filter.codec.ProtocolCodecFilter::org.apache.mina.filter.codec.ProtocolCodecFilter] - Processing a MESSAGE_RECEIVED for session 1
2017-12-21 13:02:48,520 - [INFO::com.ssl.mina.server.ServerHandler::com.ssl.mina.client.ClientHandler] - Received : 9:ADD(9)
2017-12-21 13:02:48,520 - [DEBUG::org.apache.mina.filter.ssl.SslFilter::org.apache.mina.filter.ssl.SslFilter] - Session Client[1](SSL): Writing Message : WriteRequest: HeapBuffer[pos=0 lim=39 cap=64: 00 00 00 23 AC ED 00 05 73 72 01 00 14 63 6F 6D...]
2017-12-21 13:02:48,520 - [DEBUG::org.apache.mina.filter.ssl.SslFilter::org.apache.mina.filter.ssl.SslFilter] - Session Client[1](SSL): Writing Message : MessageWriteRequest, parent : WR WrapperWriteRequest: 88:ADD(88)
2017-12-21 13:02:48,520 - [DEBUG::org.apache.mina.filter.ssl.SslFilter::org.apache.mina.filter.ssl.SslFilter] - Session Client[1](SSL): Message received : HeapBuffer[pos=0 lim=68 cap=256: 17 03 03 00 3F 00 00 00 00 00 00 12 17 83 DA 83...]
2017-12-21 13:02:48,520 - [DEBUG::org.apache.mina.filter.ssl.SslHandler::org.apache.mina.filter.ssl.SslHandler] - Session Client[1](SSL) Processing the received message
2017-12-21 13:02:48,521 - [DEBUG::org.apache.mina.filter.ssl.SslFilter::org.apache.mina.filter.ssl.SslFilter] - Session Client[1](SSL): Processing the SSL Data 
2017-12-21 13:02:48,521 - [DEBUG::org.apache.mina.filter.codec.ProtocolCodecFilter::org.apache.mina.filter.codec.ProtocolCodecFilter] - Processing a MESSAGE_RECEIVED for session 1
2017-12-21 13:02:48,521 - [INFO::com.ssl.mina.server.ServerHandler::com.ssl.mina.client.ClientHandler] - Received : 12:ADD(12)
2017-12-21 13:02:48,521 - [DEBUG::org.apache.mina.filter.ssl.SslFilter::org.apache.mina.filter.ssl.SslFilter] - Session Client[1](SSL): Writing Message : WriteRequest: HeapBuffer[pos=0 lim=39 cap=64: 00 00 00 23 AC ED 00 05 73 72 01 00 14 63 6F 6D...]
2017-12-21 13:02:48,521 - [DEBUG::org.apache.mina.filter.ssl.SslFilter::org.apache.mina.filter.ssl.SslFilter] - Session Client[1](SSL): Writing Message : MessageWriteRequest, parent : WR WrapperWriteRequest: 0:ADD(0)
2017-12-21 13:02:48,521 - [DEBUG::org.apache.mina.filter.ssl.SslFilter::org.apache.mina.filter.ssl.SslFilter] - Session Client[1](SSL): Message received : HeapBuffer[pos=0 lim=68 cap=128: 17 03 03 00 3F 00 00 00 00 00 00 12 18 84 AB 63...]
2017-12-21 13:02:48,521 - [DEBUG::org.apache.mina.filter.ssl.SslHandler::org.apache.mina.filter.ssl.SslHandler] - Session Client[1](SSL) Processing the received message
2017-12-21 13:02:48,521 - [DEBUG::org.apache.mina.filter.ssl.SslFilter::org.apache.mina.filter.ssl.SslFilter] - Session Client[1](SSL): Processing the SSL Data 
2017-12-21 13:02:48,521 - [DEBUG::org.apache.mina.filter.codec.ProtocolCodecFilter::org.apache.mina.filter.codec.ProtocolCodecFilter] - Processing a MESSAGE_RECEIVED for session 1
2017-12-21 13:02:48,521 - [INFO::com.ssl.mina.server.ServerHandler::com.ssl.mina.client.ClientHandler] - Received : 65:ADD(65)
2017-12-21 13:02:48,521 - [DEBUG::org.apache.mina.filter.ssl.SslFilter::org.apache.mina.filter.ssl.SslFilter] - Session Client[1](SSL): Writing Message : WriteRequest: HeapBuffer[pos=0 lim=39 cap=64: 00 00 00 23 AC ED 00 05 73 72 01 00 14 63 6F 6D...]
2017-12-21 13:02:48,521 - [DEBUG::org.apache.mina.filter.ssl.SslFilter::org.apache.mina.filter.ssl.SslFilter] - Session Client[1](SSL): Writing Message : MessageWriteRequest, parent : WR WrapperWriteRequest: 83:ADD(83)
2017-12-21 13:02:48,521 - [DEBUG::org.apache.mina.filter.ssl.SslFilter::org.apache.mina.filter.ssl.SslFilter] - Session Client[1](SSL): Message received : HeapBuffer[pos=0 lim=68 cap=128: 17 03 03 00 3F 00 00 00 00 00 00 12 19 85 96 9B...]
2017-12-21 13:02:48,521 - [DEBUG::org.apache.mina.filter.ssl.SslHandler::org.apache.mina.filter.ssl.SslHandler] - Session Client[1](SSL) Processing the received message
2017-12-21 13:02:48,521 - [DEBUG::org.apache.mina.filter.ssl.SslFilter::org.apache.mina.filter.ssl.SslFilter] - Session Client[1](SSL): Processing the SSL Data 
2017-12-21 13:02:48,521 - [DEBUG::org.apache.mina.filter.codec.ProtocolCodecFilter::org.apache.mina.filter.codec.ProtocolCodecFilter] - Processing a MESSAGE_RECEIVED for session 1
2017-12-21 13:02:48,521 - [INFO::com.ssl.mina.server.ServerHandler::com.ssl.mina.client.ClientHandler] - Received : 80:ADD(80)
2017-12-21 13:02:48,522 - [DEBUG::org.apache.mina.filter.ssl.SslFilter::org.apache.mina.filter.ssl.SslFilter] - Session Client[1](SSL): Writing Message : WriteRequest: HeapBuffer[pos=0 lim=39 cap=64: 00 00 00 23 AC ED 00 05 73 72 01 00 14 63 6F 6D...]
2017-12-21 13:02:48,522 - [DEBUG::org.apache.mina.filter.ssl.SslFilter::org.apache.mina.filter.ssl.SslFilter] - Session Client[1](SSL): Writing Message : MessageWriteRequest, parent : WR WrapperWriteRequest: 94:ADD(94)
2017-12-21 13:02:48,522 - [DEBUG::org.apache.mina.filter.ssl.SslFilter::org.apache.mina.filter.ssl.SslFilter] - Session Client[1](SSL): Message received : HeapBuffer[pos=0 lim=68 cap=128: 17 03 03 00 3F 00 00 00 00 00 00 12 1A 5E 17 32...]
2017-12-21 13:02:48,522 - [DEBUG::org.apache.mina.filter.ssl.SslHandler::org.apache.mina.filter.ssl.SslHandler] - Session Client[1](SSL) Processing the received message
2017-12-21 13:02:48,522 - [DEBUG::org.apache.mina.filter.ssl.SslFilter::org.apache.mina.filter.ssl.SslFilter] - Session Client[1](SSL): Processing the SSL Data 
2017-12-21 13:02:48,522 - [DEBUG::org.apache.mina.filter.codec.ProtocolCodecFilter::org.apache.mina.filter.codec.ProtocolCodecFilter] - Processing a MESSAGE_RECEIVED for session 1
2017-12-21 13:02:48,522 - [INFO::com.ssl.mina.server.ServerHandler::com.ssl.mina.client.ClientHandler] - Received : 21:ADD(21)
2017-12-21 13:02:48,522 - [DEBUG::org.apache.mina.filter.ssl.SslFilter::org.apache.mina.filter.ssl.SslFilter] - Session Client[1](SSL): Writing Message : WriteRequest: HeapBuffer[pos=0 lim=39 cap=64: 00 00 00 23 AC ED 00 05 73 72 01 00 14 63 6F 6D...]
2017-12-21 13:02:48,522 - [DEBUG::org.apache.mina.filter.ssl.SslFilter::org.apache.mina.filter.ssl.SslFilter] - Session Client[1](SSL): Writing Message : MessageWriteRequest, parent : WR WrapperWriteRequest: 76:ADD(76)
2017-12-21 13:02:48,522 - [DEBUG::org.apache.mina.filter.ssl.SslFilter::org.apache.mina.filter.ssl.SslFilter] - Session Client[1](SSL): Message received : HeapBuffer[pos=0 lim=68 cap=128: 17 03 03 00 3F 00 00 00 00 00 00 12 1B 05 93 2C...]
2017-12-21 13:02:48,522 - [DEBUG::org.apache.mina.filter.ssl.SslHandler::org.apache.mina.filter.ssl.SslHandler] - Session Client[1](SSL) Processing the received message
2017-12-21 13:02:48,522 - [DEBUG::org.apache.mina.filter.ssl.SslFilter::org.apache.mina.filter.ssl.SslFilter] - Session Client[1](SSL): Processing the SSL Data 
2017-12-21 13:02:48,522 - [DEBUG::org.apache.mina.filter.codec.ProtocolCodecFilter::org.apache.mina.filter.codec.ProtocolCodecFilter] - Processing a MESSAGE_RECEIVED for session 1
2017-12-21 13:02:48,522 - [INFO::com.ssl.mina.server.ServerHandler::com.ssl.mina.client.ClientHandler] - Received : 18:ADD(18)
2017-12-21 13:02:48,522 - [DEBUG::org.apache.mina.filter.ssl.SslFilter::org.apache.mina.filter.ssl.SslFilter] - Session Client[1](SSL): Writing Message : WriteRequest: HeapBuffer[pos=0 lim=39 cap=64: 00 00 00 23 AC ED 00 05 73 72 01 00 14 63 6F 6D...]
2017-12-21 13:02:48,523 - [DEBUG::org.apache.mina.filter.ssl.SslFilter::org.apache.mina.filter.ssl.SslFilter] - Session Client[1](SSL): Writing Message : MessageWriteRequest, parent : WR WrapperWriteRequest: 6:ADD(6)
2017-12-21 13:02:48,523 - [DEBUG::org.apache.mina.filter.ssl.SslFilter::org.apache.mina.filter.ssl.SslFilter] - Session Client[1](SSL): Message received : HeapBuffer[pos=0 lim=68 cap=128: 17 03 03 00 3F 00 00 00 00 00 00 12 1C 48 CC 33...]
2017-12-21 13:02:48,523 - [DEBUG::org.apache.mina.filter.ssl.SslHandler::org.apache.mina.filter.ssl.SslHandler] - Session Client[1](SSL) Processing the received message
2017-12-21 13:02:48,523 - [DEBUG::org.apache.mina.filter.ssl.SslFilter::org.apache.mina.filter.ssl.SslFilter] - Session Client[1](SSL): Processing the SSL Data 
2017-12-21 13:02:48,523 - [DEBUG::org.apache.mina.filter.codec.ProtocolCodecFilter::org.apache.mina.filter.codec.ProtocolCodecFilter] - Processing a MESSAGE_RECEIVED for session 1
2017-12-21 13:02:48,523 - [INFO::com.ssl.mina.server.ServerHandler::com.ssl.mina.client.ClientHandler] - Received : 83:ADD(83)
2017-12-21 13:02:48,523 - [DEBUG::org.apache.mina.filter.ssl.SslFilter::org.apache.mina.filter.ssl.SslFilter] - Session Client[1](SSL): Writing Message : WriteRequest: HeapBuffer[pos=0 lim=39 cap=64: 00 00 00 23 AC ED 00 05 73 72 01 00 14 63 6F 6D...]
